This is pdfTeX, Version 3.14159265-2.6-1.40.16 (TeX Live 2015/Debian) (preloaded format=latex 2018.12.1)  7 DEC 2018 00:53
entering extended mode
 restricted \write18 enabled.
 %&-line parsing enabled.
**/home/tigany/texmf/capt-of/capt-of.ins
(/home/tigany/texmf/capt-of/capt-of.ins
LaTeX2e <2016/02/01>
Babel <3.9q> and hyphenation patterns for 3 language(s) loaded.
(/usr/share/texlive/texmf-dist/tex/latex/base/docstrip.tex
\blockLevel=\count79
\emptyLines=\count80
\processedLines=\count81
\commentsRemoved=\count82
\commentsPassed=\count83
\codeLinesPassed=\count84
\TotalprocessedLines=\count85
\TotalcommentsRemoved=\count86
\TotalcommentsPassed=\count87
\TotalcodeLinesPassed=\count88
\NumberOfFiles=\count89
\inFile=\read1
\inputcheck=\read2
\off@0=\count90
\off@1=\count91
\off@2=\count92
\off@3=\count93
\off@4=\count94
\off@5=\count95
\off@6=\count96
\off@7=\count97
\off@8=\count98
\off@9=\count99
\off@10=\count100
\off@11=\count101
\off@12=\count102
\off@13=\count103
\off@14=\count104
\off@15=\count105
\@maxfiles=\count106
\@maxoutfiles=\count107

Utility: `docstrip' 2.5e <2014/09/29>
English documentation    <2014/09/29>

**********************************************************
* This program converts documented macro-files into fast *
* loadable files by stripping off (nearly) all comments! *
**********************************************************

********************************************************
* No Configuration file found, using default settings. *
********************************************************

)
*** Generating the capt-of package ***

Generating file(s) ./capt-of.sty 
! Cannot find file capt-of.dtx.
\readsource ...ot find file \uptospace #1 \qStop }
                                                  \else \processedLines \z@ ...
l.29 }
      
? 
! Interruption.
\readsource ...t \refusedfiles \empty \csname b@#1
                                                  \endcsname \Name \let {b@#...
l.29 }
      
? 
***********************************************************
*
* To finish the installation you have to move the file
* footmisc.sty into a directory searched by TeX
*
* Usual TDS location:
*   tex/latex/capt-of
*
* Happy TeXing
*
***********************************************************
 ) 
Here is how much of TeX's memory you used:
 299 strings out of 494954
 3164 string characters out of 6181003
 53012 words of memory out of 5000000
 3678 multiletter control sequences out of 15000+600000
 3640 words of font info for 14 fonts, out of 8000000 for 9000
 14 hyphenation exceptions out of 8191
 10i,0n,15p,133b,43s stack positions out of 5000i,500n,10000p,200000b,80000s

No pages of output.
