This is pdfTeX, Version 3.14159265-2.6-1.40.21 (TeX Live 2020/Arch Linux) (preloaded format=pdflatex 2021.2.10)  11 FEB 2021 15:13
entering extended mode
 restricted \write18 enabled.
 %&-line parsing enabled.
**/home/tigany/Documents/docs/Management/presentations/Corrosion_Meeting_2020-0
4-15_final.tex

(/home/tigany/Documents/docs/Management/presentations/Corrosion_Meeting_2020-04
-15_final.tex
LaTeX2e <2020-10-01> patch level 2
L3 programming layer <2020-12-03> xparse <2020-03-03>
(/usr/share/texmf-dist/tex/latex/base/article.cls
Document Class: article 2020/04/10 v1.4m Standard LaTeX document class
(/usr/share/texmf-dist/tex/latex/base/size11.clo
File: size11.clo 2020/04/10 v1.4m Standard LaTeX file (size option)
)
\c@part=\count177
\c@section=\count178
\c@subsection=\count179
\c@subsubsection=\count180
\c@paragraph=\count181
\c@subparagraph=\count182
\c@figure=\count183
\c@table=\count184
\abovecaptionskip=\skip47
\belowcaptionskip=\skip48
\bibindent=\dimen138
)
(/usr/share/texmf-dist/tex/latex/url/url.sty
\Urlmuskip=\muskip16
Package: url 2013/09/16  ver 3.4  Verb mode for urls, etc.
)
(/usr/share/texmf-dist/tex/latex/float/float.sty
Package: float 2001/11/08 v1.3d Float enhancements (AL)
\c@float@type=\count185
\float@exts=\toks15
\float@box=\box47
\@float@everytoks=\toks16
\@floatcapt=\box48
)
(/usr/share/texmf-dist/tex/latex/base/inputenc.sty
Package: inputenc 2020/08/01 v1.3d Input encoding file
\inpenc@prehook=\toks17
\inpenc@posthook=\toks18
)
(/usr/share/texmf-dist/tex/latex/base/fontenc.sty
Package: fontenc 2020/08/10 v2.0s Standard LaTeX package
)
(/usr/share/texmf-dist/tex/latex/graphics/graphicx.sty
Package: graphicx 2020/09/09 v1.2b Enhanced LaTeX Graphics (DPC,SPQR)

(/usr/share/texmf-dist/tex/latex/graphics/keyval.sty
Package: keyval 2014/10/28 v1.15 key=value parser (DPC)
\KV@toks@=\toks19
)
(/usr/share/texmf-dist/tex/latex/graphics/graphics.sty
Package: graphics 2020/08/30 v1.4c Standard LaTeX Graphics (DPC,SPQR)

(/usr/share/texmf-dist/tex/latex/graphics/trig.sty
Package: trig 2016/01/03 v1.10 sin cos tan (DPC)
)
(/usr/share/texmf-dist/tex/latex/graphics-cfg/graphics.cfg
File: graphics.cfg 2016/06/04 v1.11 sample graphics configuration
)
Package graphics Info: Driver file: pdftex.def on input line 105.

(/usr/share/texmf-dist/tex/latex/graphics-def/pdftex.def
File: pdftex.def 2020/10/05 v1.2a Graphics/color driver for pdftex
))
\Gin@req@height=\dimen139
\Gin@req@width=\dimen140
)
(/usr/share/texmf-dist/tex/latex/grffile/grffile.sty
Package: grffile 2019/11/11 v2.1 Extended file name support for graphics (legac
y)
Package grffile Info: This package is an empty stub for compatibility on input 
line 40.
)
(/usr/share/texmf-dist/tex/latex/tools/longtable.sty
Package: longtable 2020/01/07 v4.13 Multi-page Table package (DPC)
\LTleft=\skip49
\LTright=\skip50
\LTpre=\skip51
\LTpost=\skip52
\LTchunksize=\count186
\LTcapwidth=\dimen141
\LT@head=\box49
\LT@firsthead=\box50
\LT@foot=\box51
\LT@lastfoot=\box52
\LT@cols=\count187
\LT@rows=\count188
\c@LT@tables=\count189
\c@LT@chunks=\count190
\LT@p@ftn=\toks20
)
(/usr/share/texmf-dist/tex/latex/wrapfig/wrapfig.sty
\wrapoverhang=\dimen142
\WF@size=\dimen143
\c@WF@wrappedlines=\count191
\WF@box=\box53
\WF@everypar=\toks21
Package: wrapfig 2003/01/31  v 3.6
)
(/usr/share/texmf-dist/tex/latex/graphics/rotating.sty
Package: rotating 2016/08/11 v2.16d rotated objects in LaTeX

(/usr/share/texmf-dist/tex/latex/base/ifthen.sty
Package: ifthen 2014/09/29 v1.1c Standard LaTeX ifthen package (DPC)
)
\c@r@tfl@t=\count192
\rotFPtop=\skip53
\rotFPbot=\skip54
\rot@float@box=\box54
\rot@mess@toks=\toks22
)
(/usr/share/texmf-dist/tex/generic/ulem/ulem.sty
\UL@box=\box55
\UL@hyphenbox=\box56
\UL@skip=\skip55
\UL@hook=\toks23
\UL@height=\dimen144
\UL@pe=\count193
\UL@pixel=\dimen145
\ULC@box=\box57
Package: ulem 2019/11/18
\ULdepth=\dimen146
)
(/usr/share/texmf-dist/tex/latex/amsmath/amsmath.sty
Package: amsmath 2020/09/23 v2.17i AMS math features
\@mathmargin=\skip56

For additional information on amsmath, use the `?' option.
(/usr/share/texmf-dist/tex/latex/amsmath/amstext.sty
Package: amstext 2000/06/29 v2.01 AMS text

(/usr/share/texmf-dist/tex/latex/amsmath/amsgen.sty
File: amsgen.sty 1999/11/30 v2.0 generic functions
\@emptytoks=\toks24
\ex@=\dimen147
))
(/usr/share/texmf-dist/tex/latex/amsmath/amsbsy.sty
Package: amsbsy 1999/11/29 v1.2d Bold Symbols
\pmbraise@=\dimen148
)
(/usr/share/texmf-dist/tex/latex/amsmath/amsopn.sty
Package: amsopn 2016/03/08 v2.02 operator names
)
\inf@bad=\count194
LaTeX Info: Redefining \frac on input line 234.
\uproot@=\count195
\leftroot@=\count196
LaTeX Info: Redefining \overline on input line 399.
\classnum@=\count197
\DOTSCASE@=\count198
LaTeX Info: Redefining \ldots on input line 496.
LaTeX Info: Redefining \dots on input line 499.
LaTeX Info: Redefining \cdots on input line 620.
\Mathstrutbox@=\box58
\strutbox@=\box59
\big@size=\dimen149
LaTeX Font Info:    Redeclaring font encoding OML on input line 743.
LaTeX Font Info:    Redeclaring font encoding OMS on input line 744.
\macc@depth=\count199
\c@MaxMatrixCols=\count266
\dotsspace@=\muskip17
\c@parentequation=\count267
\dspbrk@lvl=\count268
\tag@help=\toks25
\row@=\count269
\column@=\count270
\maxfields@=\count271
\andhelp@=\toks26
\eqnshift@=\dimen150
\alignsep@=\dimen151
\tagshift@=\dimen152
\tagwidth@=\dimen153
\totwidth@=\dimen154
\lineht@=\dimen155
\@envbody=\toks27
\multlinegap=\skip57
\multlinetaggap=\skip58
\mathdisplay@stack=\toks28
LaTeX Info: Redefining \[ on input line 2923.
LaTeX Info: Redefining \] on input line 2924.
)
(/usr/share/texmf-dist/tex/latex/base/textcomp.sty
Package: textcomp 2020/02/02 v2.0n Standard LaTeX package
)
(/usr/share/texmf-dist/tex/latex/amsfonts/amssymb.sty
Package: amssymb 2013/01/14 v3.01 AMS font symbols

(/usr/share/texmf-dist/tex/latex/amsfonts/amsfonts.sty
Package: amsfonts 2013/01/14 v3.01 Basic AMSFonts support
\symAMSa=\mathgroup4
\symAMSb=\mathgroup5
LaTeX Font Info:    Redeclaring math symbol \hbar on input line 98.
LaTeX Font Info:    Overwriting math alphabet `\mathfrak' in version `bold'
(Font)                  U/euf/m/n --> U/euf/b/n on input line 106.
))
(/usr/share/texmf-dist/tex/latex/capt-of/capt-of.sty
Package: capt-of 2009/12/29 v0.2 standard captions outside of floats
)
(/usr/share/texmf-dist/tex/latex/hyperref/hyperref.sty
Package: hyperref 2020-05-15 v7.00e Hypertext links for LaTeX

(/usr/share/texmf-dist/tex/generic/ltxcmds/ltxcmds.sty
Package: ltxcmds 2020-05-10 v1.25 LaTeX kernel commands for general use (HO)
)
(/usr/share/texmf-dist/tex/generic/iftex/iftex.sty
Package: iftex 2020/03/06 v1.0d TeX engine tests
)
(/usr/share/texmf-dist/tex/generic/pdftexcmds/pdftexcmds.sty
Package: pdftexcmds 2020-06-27 v0.33 Utility functions of pdfTeX for LuaTeX (HO
)

(/usr/share/texmf-dist/tex/generic/infwarerr/infwarerr.sty
Package: infwarerr 2019/12/03 v1.5 Providing info/warning/error messages (HO)
)
Package pdftexcmds Info: \pdf@primitive is available.
Package pdftexcmds Info: \pdf@ifprimitive is available.
Package pdftexcmds Info: \pdfdraftmode found.
)
(/usr/share/texmf-dist/tex/generic/kvsetkeys/kvsetkeys.sty
Package: kvsetkeys 2019/12/15 v1.18 Key value parser (HO)
)
(/usr/share/texmf-dist/tex/generic/kvdefinekeys/kvdefinekeys.sty
Package: kvdefinekeys 2019-12-19 v1.6 Define keys (HO)
)
(/usr/share/texmf-dist/tex/generic/pdfescape/pdfescape.sty
Package: pdfescape 2019/12/09 v1.15 Implements pdfTeX's escape features (HO)
)
(/usr/share/texmf-dist/tex/latex/hycolor/hycolor.sty
Package: hycolor 2020-01-27 v1.10 Color options for hyperref/bookmark (HO)
)
(/usr/share/texmf-dist/tex/latex/letltxmacro/letltxmacro.sty
Package: letltxmacro 2019/12/03 v1.6 Let assignment for LaTeX macros (HO)
)
(/usr/share/texmf-dist/tex/latex/auxhook/auxhook.sty
Package: auxhook 2019-12-17 v1.6 Hooks for auxiliary files (HO)
)
(/usr/share/texmf-dist/tex/latex/kvoptions/kvoptions.sty
Package: kvoptions 2020-10-07 v3.14 Key value format for package options (HO)
)
\@linkdim=\dimen156
\Hy@linkcounter=\count272
\Hy@pagecounter=\count273

(/usr/share/texmf-dist/tex/latex/hyperref/pd1enc.def
File: pd1enc.def 2020-05-15 v7.00e Hyperref: PDFDocEncoding definition (HO)
Now handling font encoding PD1 ...
... no UTF-8 mapping file for font encoding PD1
)
(/usr/share/texmf-dist/tex/generic/intcalc/intcalc.sty
Package: intcalc 2019/12/15 v1.3 Expandable calculations with integers (HO)
)
(/usr/share/texmf-dist/tex/generic/etexcmds/etexcmds.sty
Package: etexcmds 2019/12/15 v1.7 Avoid name clashes with e-TeX commands (HO)
)
\Hy@SavedSpaceFactor=\count274
Package hyperref Info: Hyper figures OFF on input line 4464.
Package hyperref Info: Link nesting OFF on input line 4469.
Package hyperref Info: Hyper index ON on input line 4472.
Package hyperref Info: Plain pages OFF on input line 4479.
Package hyperref Info: Backreferencing OFF on input line 4484.
Package hyperref Info: Implicit mode ON; LaTeX internals redefined.
Package hyperref Info: Bookmarks ON on input line 4717.
\c@Hy@tempcnt=\count275
LaTeX Info: Redefining \url on input line 5076.
\XeTeXLinkMargin=\dimen157

(/usr/share/texmf-dist/tex/generic/bitset/bitset.sty
Package: bitset 2019/12/09 v1.3 Handle bit-vector datatype (HO)

(/usr/share/texmf-dist/tex/generic/bigintcalc/bigintcalc.sty
Package: bigintcalc 2019/12/15 v1.5 Expandable calculations on big integers (HO
)
))
\Fld@menulength=\count276
\Field@Width=\dimen158
\Fld@charsize=\dimen159
Package hyperref Info: Hyper figures OFF on input line 6347.
Package hyperref Info: Link nesting OFF on input line 6352.
Package hyperref Info: Hyper index ON on input line 6355.
Package hyperref Info: backreferencing OFF on input line 6362.
Package hyperref Info: Link coloring OFF on input line 6367.
Package hyperref Info: Link coloring with OCG OFF on input line 6372.
Package hyperref Info: PDF/A mode OFF on input line 6377.
LaTeX Info: Redefining \ref on input line 6417.
LaTeX Info: Redefining \pageref on input line 6421.

(/usr/share/texmf-dist/tex/latex/base/atbegshi-ltx.sty
Package: atbegshi-ltx 2020/08/17 v1.0a Emulation of the original atbegshi packa
ge
with kernel methods
)
\Hy@abspage=\count277
\c@Item=\count278
\c@Hfootnote=\count279
)
Package hyperref Info: Driver (autodetected): hpdftex.

(/usr/share/texmf-dist/tex/latex/hyperref/hpdftex.def
File: hpdftex.def 2020-05-15 v7.00e Hyperref driver for pdfTeX

(/usr/share/texmf-dist/tex/latex/base/atveryend-ltx.sty
Package: atveryend-ltx 2020/08/19 v1.0a Emulation of the original atvery packag
e
with kernel methods
)
\Fld@listcount=\count280
\c@bookmark@seq@number=\count281

(/usr/share/texmf-dist/tex/latex/rerunfilecheck/rerunfilecheck.sty
Package: rerunfilecheck 2019/12/05 v1.9 Rerun checks for auxiliary files (HO)

(/usr/share/texmf-dist/tex/generic/uniquecounter/uniquecounter.sty
Package: uniquecounter 2019/12/15 v1.4 Provide unlimited unique counter (HO)
)
Package uniquecounter Info: New unique counter `rerunfilecheck' on input line 2
86.
)
\Hy@SectionHShift=\skip59
)
(/usr/share/texmf-dist/tex/latex/l3backend/l3backend-pdftex.def
File: l3backend-pdftex.def 2020-09-24 L3 backend support: PDF output (pdfTeX)
\l__kernel_color_stack_int=\count282
\l__pdf_internal_box=\box60
)
(/home/tigany/Documents/docs/Management/presentations//Corrosion_Meeting_2020-0
4-15_final.aux)
LaTeX Font Info:    Checking defaults for OML/cmm/m/it on input line 29.
LaTeX Font Info:    ... okay on input line 29.
LaTeX Font Info:    Checking defaults for OMS/cmsy/m/n on input line 29.
LaTeX Font Info:    ... okay on input line 29.
LaTeX Font Info:    Checking defaults for OT1/cmr/m/n on input line 29.
LaTeX Font Info:    ... okay on input line 29.
LaTeX Font Info:    Checking defaults for T1/cmr/m/n on input line 29.
LaTeX Font Info:    ... okay on input line 29.
LaTeX Font Info:    Checking defaults for TS1/cmr/m/n on input line 29.
LaTeX Font Info:    ... okay on input line 29.
LaTeX Font Info:    Checking defaults for OMX/cmex/m/n on input line 29.
LaTeX Font Info:    ... okay on input line 29.
LaTeX Font Info:    Checking defaults for U/cmr/m/n on input line 29.
LaTeX Font Info:    ... okay on input line 29.
LaTeX Font Info:    Checking defaults for PD1/pdf/m/n on input line 29.
LaTeX Font Info:    ... okay on input line 29.
 (/usr/share/texmf-dist/tex/context/base/mkii/supp-pdf.mkii
[Loading MPS to PDF converter (version 2006.09.02).]
\scratchcounter=\count283
\scratchdimen=\dimen160
\scratchbox=\box61
\nofMPsegments=\count284
\nofMParguments=\count285
\everyMPshowfont=\toks29
\MPscratchCnt=\count286
\MPscratchDim=\dimen161
\MPnumerator=\count287
\makeMPintoPDFobject=\count288
\everyMPtoPDFconversion=\toks30
) (/usr/share/texmf-dist/tex/latex/epstopdf-pkg/epstopdf-base.sty
Package: epstopdf-base 2020-01-24 v2.11 Base part for package epstopdf
Package epstopdf-base Info: Redefining graphics rule for `.eps' on input line 4
85.

(/usr/share/texmf-dist/tex/latex/latexconfig/epstopdf-sys.cfg
File: epstopdf-sys.cfg 2010/07/13 v1.3 Configuration of (r)epstopdf for TeX Liv
e
))
Package hyperref Info: Link coloring OFF on input line 29.

(/usr/share/texmf-dist/tex/latex/hyperref/nameref.sty
Package: nameref 2019/09/16 v2.46 Cross-referencing by name of section

(/usr/share/texmf-dist/tex/latex/refcount/refcount.sty
Package: refcount 2019/12/15 v3.6 Data extraction from label references (HO)
)
(/usr/share/texmf-dist/tex/generic/gettitlestring/gettitlestring.sty
Package: gettitlestring 2019/12/15 v1.6 Cleanup title references (HO)
)
\c@section@level=\count289
)
LaTeX Info: Redefining \ref on input line 29.
LaTeX Info: Redefining \pageref on input line 29.
LaTeX Info: Redefining \nameref on input line 29.

(/home/tigany/Documents/docs/Management/presentations//Corrosion_Meeting_2020-0
4-15_final.out)
(/home/tigany/Documents/docs/Management/presentations//Corrosion_Meeting_2020-0
4-15_final.out)
\@outlinefile=\write3
LaTeX Font Info:    Trying to load font information for U+msa on input line 32.

 (/usr/share/texmf-dist/tex/latex/amsfonts/umsa.fd
File: umsa.fd 2013/01/14 v3.01 AMS symbols A
)
LaTeX Font Info:    Trying to load font information for U+msb on input line 32.


(/usr/share/texmf-dist/tex/latex/amsfonts/umsb.fd
File: umsb.fd 2013/01/14 v3.01 AMS symbols B
)

! LaTeX Error: Environment NOTES undefined.

See the LaTeX manual or LaTeX Companion for explanation.
Type  H <return>  for immediate help.
 ...                                              
                                                  
l.46 \begin{NOTES}
                  
Your command was ignored.
Type  I <command> <return>  to replace it with another command,
or  <return>  to continue without it.


! LaTeX Error: \begin{document} ended by \end{NOTES}.

See the LaTeX manual or LaTeX Companion for explanation.
Type  H <return>  for immediate help.
 ...                                              
                                                  
l.51 \end{NOTES}
                
Your command was ignored.
Type  I <command> <return>  to replace it with another command,
or  <return>  to continue without it.

[1

{/var/lib/texmf/fonts/map/pdftex/updmap/pdftex.map}]

! LaTeX Error: Environment NOTES undefined.

See the LaTeX manual or LaTeX Companion for explanation.
Type  H <return>  for immediate help.
 ...                                              
                                                  
l.99 \begin{NOTES}
                  
Your command was ignored.
Type  I <command> <return>  to replace it with another command,
or  <return>  to continue without it.


! LaTeX Error: \begin{document} ended by \end{NOTES}.

See the LaTeX manual or LaTeX Companion for explanation.
Type  H <return>  for immediate help.
 ...                                              
                                                  
l.102 \end{NOTES}
                 
Your command was ignored.
Type  I <command> <return>  to replace it with another command,
or  <return>  to continue without it.

[2]
</home/tigany/Documents/docs/Management/Images/hcp-band_dos_2020-04-12.png, id=
33, 1284.8pt x 963.6pt>
File: /home/tigany/Documents/docs/Management/Images/hcp-band_dos_2020-04-12.png
 Graphic file (type png)
<use /home/tigany/Documents/docs/Management/Images/hcp-band_dos_2020-04-12.png>

Package pdftex.def Info: /home/tigany/Documents/docs/Management/Images/hcp-band
_dos_2020-04-12.png  used on input line 160.
(pdftex.def)             Requested size: 323.9978pt x 242.98727pt.
 [3]
</home/tigany/Documents/docs/Management/Images/experimental_hcp_phonons.png, id
=41, 856.19875pt x 644.4075pt>
File: /home/tigany/Documents/docs/Management/Images/experimental_hcp_phonons.pn
g Graphic file (type png)
<use /home/tigany/Documents/docs/Management/Images/experimental_hcp_phonons.png
>
Package pdftex.def Info: /home/tigany/Documents/docs/Management/Images/experime
ntal_hcp_phonons.png  used on input line 165.
(pdftex.def)             Requested size: 323.9978pt x 243.85478pt.


! LaTeX Error: Environment notes undefined.

See the LaTeX manual or LaTeX Companion for explanation.
Type  H <return>  for immediate help.
 ...                                              
                                                  
l.168 \begin{notes}
                   
Your command was ignored.
Type  I <command> <return>  to replace it with another command,
or  <return>  to continue without it.


! LaTeX Error: \begin{document} ended by \end{notes}.

See the LaTeX manual or LaTeX Companion for explanation.
Type  H <return>  for immediate help.
 ...                                              
                                                  
l.170 \end{notes}
                 
Your command was ignored.
Type  I <command> <return>  to replace it with another command,
or  <return>  to continue without it.

[4 </home/tigany/Documents/docs/Management/Images/hcp-band_dos_2020-04-12.png> 
</home/tigany/Documents/docs/Management/Images/experimental_hcp_phonons.png (PN
G copy)>]
</home/tigany/Documents/docs/Management/Images/omega-band_dos_2020-04-12.png, i
d=50, 1284.8pt x 963.6pt>
File: /home/tigany/Documents/docs/Management/Images/omega-band_dos_2020-04-12.p
ng Graphic file (type png)
<use /home/tigany/Documents/docs/Management/Images/omega-band_dos_2020-04-12.pn
g>
Package pdftex.def Info: /home/tigany/Documents/docs/Management/Images/omega-ba
nd_dos_2020-04-12.png  used on input line 175.
(pdftex.def)             Requested size: 323.9978pt x 242.98727pt.
</home/tigany/Documents/docs/Management/Images/omega_phonons_trinkle.png, id=51
, 454.69875pt x 460.72125pt>
File: /home/tigany/Documents/docs/Management/Images/omega_phonons_trinkle.png G
raphic file (type png)
<use /home/tigany/Documents/docs/Management/Images/omega_phonons_trinkle.png>
Package pdftex.def Info: /home/tigany/Documents/docs/Management/Images/omega_ph
onons_trinkle.png  used on input line 180.
(pdftex.def)             Requested size: 323.9978pt x 328.29543pt.
 [5 </home/tigany/Documents/docs/Management/Images/omega-band_dos_2020-04-12.pn
g>]
</home/tigany/Documents/docs/Management/Images/bcc-band_dos_2020-04-12.png, id=
58, 1284.8pt x 963.6pt>
File: /home/tigany/Documents/docs/Management/Images/bcc-band_dos_2020-04-12.png
 Graphic file (type png)
<use /home/tigany/Documents/docs/Management/Images/bcc-band_dos_2020-04-12.png>

Package pdftex.def Info: /home/tigany/Documents/docs/Management/Images/bcc-band
_dos_2020-04-12.png  used on input line 187.
(pdftex.def)             Requested size: 323.9978pt x 242.98727pt.
 [6 </home/tigany/Documents/docs/Management/Images/omega_phonons_trinkle.png (P
NG copy)>]
</home/tigany/Documents/docs/Management/Images/bcc-band_dos_dft-1.png, id=63, 1
284.8pt x 963.6pt>
File: /home/tigany/Documents/docs/Management/Images/bcc-band_dos_dft-1.png Grap
hic file (type png)
<use /home/tigany/Documents/docs/Management/Images/bcc-band_dos_dft-1.png>
Package pdftex.def Info: /home/tigany/Documents/docs/Management/Images/bcc-band
_dos_dft-1.png  used on input line 192.
(pdftex.def)             Requested size: 323.9978pt x 242.98727pt.
 [7 </home/tigany/Documents/docs/Management/Images/bcc-band_dos_2020-04-12.png>
 </home/tigany/Documents/docs/Management/Images/bcc-band_dos_dft-1.png>]
</home/tigany/Documents/docs/Management/Images/gibbs_free_energy_per_atom_2020-
04-02.png, id=72, 481.8pt x 361.35pt>
File: /home/tigany/Documents/docs/Management/Images/gibbs_free_energy_per_atom_
2020-04-02.png Graphic file (type png)
<use /home/tigany/Documents/docs/Management/Images/gibbs_free_energy_per_atom_2
020-04-02.png>
Package pdftex.def Info: /home/tigany/Documents/docs/Management/Images/gibbs_fr
ee_energy_per_atom_2020-04-02.png  used on input line 206.
(pdftex.def)             Requested size: 323.9978pt x 243.00198pt.
</home/tigany/Documents/docs/Management/Images/matous_free_energy.png, id=73, 4
36.63126pt x 406.51875pt>
File: /home/tigany/Documents/docs/Management/Images/matous_free_energy.png Grap
hic file (type png)
<use /home/tigany/Documents/docs/Management/Images/matous_free_energy.png>
Package pdftex.def Info: /home/tigany/Documents/docs/Management/Images/matous_f
ree_energy.png  used on input line 211.
(pdftex.def)             Requested size: 323.9978pt x 301.65656pt.
 [8 </home/tigany/Documents/docs/Management/Images/gibbs_free_energy_per_atom_2
020-04-02.png (PNG copy)>]
</home/tigany/Documents/docs/Management/Images/thermal_expansion_all_phases_202
0-04-02.png, id=80, 643.6547pt x 491.58656pt>
File: /home/tigany/Documents/docs/Management/Images/thermal_expansion_all_phase
s_2020-04-02.png Graphic file (type png)
<use /home/tigany/Documents/docs/Management/Images/thermal_expansion_all_phases
_2020-04-02.png>
Package pdftex.def Info: /home/tigany/Documents/docs/Management/Images/thermal_
expansion_all_phases_2020-04-02.png  used on input line 218.
(pdftex.def)             Requested size: 323.9978pt x 247.45789pt.
 [9 </home/tigany/Documents/docs/Management/Images/matous_free_energy.png>]
</home/tigany/Documents/docs/Management/Images/thermal_expansion_alpha_ti_exp.p
ng, id=85, 798.73407pt x 453.94594pt>
File: /home/tigany/Documents/docs/Management/Images/thermal_expansion_alpha_ti_
exp.png Graphic file (type png)
<use /home/tigany/Documents/docs/Management/Images/thermal_expansion_alpha_ti_e
xp.png>
Package pdftex.def Info: /home/tigany/Documents/docs/Management/Images/thermal_
expansion_alpha_ti_exp.png  used on input line 224.
(pdftex.def)             Requested size: 323.9978pt x 184.13802pt.
 [10 </home/tigany/Documents/docs/Management/Images/thermal_expansion_all_phase
s_2020-04-02.png (PNG copy)> </home/tigany/Documents/docs/Management/Images/the
rmal_expansion_alpha_ti_exp.png (PNG copy)>]
</home/tigany/Documents/docs/Management/Images/basal_gamma_surface_final_model_
2020-01-15.png, id=92, 901.86937pt x 536.75531pt>
File: /home/tigany/Documents/docs/Management/Images/basal_gamma_surface_final_m
odel_2020-01-15.png Graphic file (type png)
<use /home/tigany/Documents/docs/Management/Images/basal_gamma_surface_final_mo
del_2020-01-15.png>
Package pdftex.def Info: /home/tigany/Documents/docs/Management/Images/basal_ga
mma_surface_final_model_2020-01-15.png  used on input line 247.
(pdftex.def)             Requested size: 323.9978pt x 192.83043pt.
</home/tigany/Documents/docs/Management/Images/rodney_basal_ti_gamma_surface.pn
g, id=93, 395.97937pt x 223.58531pt>
File: /home/tigany/Documents/docs/Management/Images/rodney_basal_ti_gamma_surfa
ce.png Graphic file (type png)
<use /home/tigany/Documents/docs/Management/Images/rodney_basal_ti_gamma_surfac
e.png>
Package pdftex.def Info: /home/tigany/Documents/docs/Management/Images/rodney_b
asal_ti_gamma_surface.png  used on input line 253.
(pdftex.def)             Requested size: 323.9978pt x 182.94537pt.
</home/tigany/Documents/docs/Management/Images/prismatic_gamma_surface_final_mo
del_angle_smaller.png, id=94, 699.36281pt x 538.26094pt>
File: /home/tigany/Documents/docs/Management/Images/prismatic_gamma_surface_fin
al_model_angle_smaller.png Graphic file (type png)
<use /home/tigany/Documents/docs/Management/Images/prismatic_gamma_surface_fina
l_model_angle_smaller.png>
Package pdftex.def Info: /home/tigany/Documents/docs/Management/Images/prismati
c_gamma_surface_final_model_angle_smaller.png  used on input line 262.
(pdftex.def)             Requested size: 323.9978pt x 249.36887pt.
 [11 </home/tigany/Documents/docs/Management/Images/basal_gamma_surface_final_m
odel_2020-01-15.png (PNG copy)> </home/tigany/Documents/docs/Management/Images/
rodney_basal_ti_gamma_surface.png (PNG copy)>]
</home/tigany/Documents/docs/Management/Images/rodney_prismatic_ti_gamma_surfac
e.png, id=100, 389.20406pt x 240.14719pt>
File: /home/tigany/Documents/docs/Management/Images/rodney_prismatic_ti_gamma_s
urface.png Graphic file (type png)
<use /home/tigany/Documents/docs/Management/Images/rodney_prismatic_ti_gamma_su
rface.png>
Package pdftex.def Info: /home/tigany/Documents/docs/Management/Images/rodney_p
rismatic_ti_gamma_surface.png  used on input line 267.
(pdftex.def)             Requested size: 323.9978pt x 199.91937pt.


! LaTeX Error: Environment NOTES undefined.

See the LaTeX manual or LaTeX Companion for explanation.
Type  H <return>  for immediate help.
 ...                                              
                                                  
l.275 \begin{NOTES}
                   
Your command was ignored.
Type  I <command> <return>  to replace it with another command,
or  <return>  to continue without it.


! LaTeX Error: \begin{document} ended by \end{NOTES}.

See the LaTeX manual or LaTeX Companion for explanation.
Type  H <return>  for immediate help.
 ...                                              
                                                  
l.280 \end{NOTES}
                 
Your command was ignored.
Type  I <command> <return>  to replace it with another command,
or  <return>  to continue without it.

</home/tigany/Documents/docs/Management/Images/rotated_pyramidal_with_contour_w
ider.png, id=101, 1067.48813pt x 409.53pt>
File: /home/tigany/Documents/docs/Management/Images/rotated_pyramidal_with_cont
our_wider.png Graphic file (type png)
<use /home/tigany/Documents/docs/Management/Images/rotated_pyramidal_with_conto
ur_wider.png>
Package pdftex.def Info: /home/tigany/Documents/docs/Management/Images/rotated_
pyramidal_with_contour_wider.png  used on input line 285.
(pdftex.def)             Requested size: 323.9978pt x 124.2972pt.
[12 </home/tigany/Documents/docs/Management/Images/prismatic_gamma_surface_fina
l_model_angle_smaller.png (PNG copy)> </home/tigany/Documents/docs/Management/I
mages/rodney_prismatic_ti_gamma_surface.png (PNG copy)>]

! LaTeX Error: Environment notes undefined.

See the LaTeX manual or LaTeX Companion for explanation.
Type  H <return>  for immediate help.
 ...                                              
                                                  
l.290 \begin{notes}
                   
Your command was ignored.
Type  I <command> <return>  to replace it with another command,
or  <return>  to continue without it.


! LaTeX Error: \begin{document} ended by \end{notes}.

See the LaTeX manual or LaTeX Companion for explanation.
Type  H <return>  for immediate help.
 ...                                              
                                                  
l.296 \end{notes}
                 
Your command was ignored.
Type  I <command> <return>  to replace it with another command,
or  <return>  to continue without it.

</home/tigany/Documents/docs/Management/Images/bop_dislocation_relaxation_prism
atic_partials_larger.png, id=107, 770.88pt x 578.16pt>
File: /home/tigany/Documents/docs/Management/Images/bop_dislocation_relaxation_
prismatic_partials_larger.png Graphic file (type png)
<use /home/tigany/Documents/docs/Management/Images/bop_dislocation_relaxation_p
rismatic_partials_larger.png>
Package pdftex.def Info: /home/tigany/Documents/docs/Management/Images/bop_disl
ocation_relaxation_prismatic_partials_larger.png  used on input line 336.
(pdftex.def)             Requested size: 323.9978pt x 242.99316pt.
[13 </home/tigany/Documents/docs/Management/Images/rotated_pyramidal_with_conto
ur_wider.png (PNG copy)>]
</home/tigany/Documents/docs/Management/Images/ddp_ip5_core_quad.png, id=118, 4
97.86pt x 556.0775pt>
File: /home/tigany/Documents/docs/Management/Images/ddp_ip5_core_quad.png Graph
ic file (type png)
<use /home/tigany/Documents/docs/Management/Images/ddp_ip5_core_quad.png>
Package pdftex.def Info: /home/tigany/Documents/docs/Management/Images/ddp_ip5_
core_quad.png  used on input line 340.
(pdftex.def)             Requested size: 323.9978pt x 361.88731pt.
 [14 </home/tigany/Documents/docs/Management/Images/bop_dislocation_relaxation_
prismatic_partials_larger.png>]
</home/tigany/Documents/docs/Management/Images/ghazisaiedi_trinkle_3_core_just_
dft.png, id=126, 224.33812pt x 225.84375pt>
File: /home/tigany/Documents/docs/Management/Images/ghazisaiedi_trinkle_3_core_
just_dft.png Graphic file (type png)
<use /home/tigany/Documents/docs/Management/Images/ghazisaiedi_trinkle_3_core_j
ust_dft.png>
Package pdftex.def Info: /home/tigany/Documents/docs/Management/Images/ghazisai
edi_trinkle_3_core_just_dft.png  used on input line 344.
(pdftex.def)             Requested size: 323.9978pt x 326.2072pt.
 [15 </home/tigany/Documents/docs/Management/Images/ddp_ip5_core_quad.png>]
</home/tigany/Documents/docs/Management/Images/coordinate_prismatic_plane.png, 
id=131, 211.54031pt x 117.43875pt>
File: /home/tigany/Documents/docs/Management/Images/coordinate_prismatic_plane.
png Graphic file (type png)
<use /home/tigany/Documents/docs/Management/Images/coordinate_prismatic_plane.p
ng>
Package pdftex.def Info: /home/tigany/Documents/docs/Management/Images/coordina
te_prismatic_plane.png  used on input line 348.
(pdftex.def)             Requested size: 323.9978pt x 179.87779pt.
 [16 </home/tigany/Documents/docs/Management/Images/ghazisaiedi_trinkle_3_core_
just_dft.png> </home/tigany/Documents/docs/Management/Images/coordinate_prismat
ic_plane.png>]
</home/tigany/Documents/docs/Management/Images/final_model_IP1_partial_dd_final
.png, id=137, 1059.96pt x 933.4875pt>
File: /home/tigany/Documents/docs/Management/Images/final_model_IP1_partial_dd_
final.png Graphic file (type png)
<use /home/tigany/Documents/docs/Management/Images/final_model_IP1_partial_dd_f
inal.png>
Package pdftex.def Info: /home/tigany/Documents/docs/Management/Images/final_mo
del_IP1_partial_dd_final.png  used on input line 364.
(pdftex.def)             Requested size: 323.9978pt x 285.33289pt.
 [17 </home/tigany/Documents/docs/Management/Images/final_model_IP1_partial_dd_
final.png>]
</home/tigany/Documents/docs/Management/Images/prisotioquad.png, id=145, 719.68
875pt x 596.2275pt>
File: /home/tigany/Documents/docs/Management/Images/prisotioquad.png Graphic fi
le (type png)
<use /home/tigany/Documents/docs/Management/Images/prisotioquad.png>
Package pdftex.def Info: /home/tigany/Documents/docs/Management/Images/prisotio
quad.png  used on input line 406.
(pdftex.def)             Requested size: 323.9978pt x 268.42726pt.
</home/tigany/Documents/docs/Management/Images/chaari_ti-o_dislocation_interact
ions.png, id=146, 811.03pt x 238.8925pt>
File: /home/tigany/Documents/docs/Management/Images/chaari_ti-o_dislocation_int
eractions.png Graphic file (type png)
<use /home/tigany/Documents/docs/Management/Images/chaari_ti-o_dislocation_inte
ractions.png>
Package pdftex.def Info: /home/tigany/Documents/docs/Management/Images/chaari_t
i-o_dislocation_interactions.png  used on input line 410.
(pdftex.def)             Requested size: 323.9978pt x 95.43501pt.

[18 </home/tigany/Documents/docs/Management/Images/prisotioquad.png>]
</home/tigany/Documents/docs/Management/Images/ti-o_quadinteractions2.png, id=1
53, 1228.59pt x 776.9025pt>
File: /home/tigany/Documents/docs/Management/Images/ti-o_quadinteractions2.png 
Graphic file (type png)
<use /home/tigany/Documents/docs/Management/Images/ti-o_quadinteractions2.png>
Package pdftex.def Info: /home/tigany/Documents/docs/Management/Images/ti-o_qua
dinteractions2.png  used on input line 414.
(pdftex.def)             Requested size: 323.9978pt x 204.88239pt.
</home/tigany/Documents/docs/Management/Images/ti-o_quadinteractions.png, id=15
4, 1231.60126pt x 776.9025pt>
File: /home/tigany/Documents/docs/Management/Images/ti-o_quadinteractions.png G
raphic file (type png)
<use /home/tigany/Documents/docs/Management/Images/ti-o_quadinteractions.png>
Package pdftex.def Info: /home/tigany/Documents/docs/Management/Images/ti-o_qua
dinteractions.png  used on input line 418.
(pdftex.def)             Requested size: 323.9978pt x 204.37265pt.
 [19 </home/tigany/Documents/docs/Management/Images/chaari_ti-o_dislocation_int
eractions.png> </home/tigany/Documents/docs/Management/Images/ti-o_quadinteract
ions2.png> </home/tigany/Documents/docs/Management/Images/ti-o_quadinteractions
.png>]
</home/tigany/Documents/docs/Management/Images/vacancy_formation_temperature_de
p_contrib_2020-04-13.png, id=160, 557.08125pt x 405.01312pt>
File: /home/tigany/Documents/docs/Management/Images/vacancy_formation_temperatu
re_dep_contrib_2020-04-13.png Graphic file (type png)
<use /home/tigany/Documents/docs/Management/Images/vacancy_formation_temperatur
e_dep_contrib_2020-04-13.png>
Package pdftex.def Info: /home/tigany/Documents/docs/Management/Images/vacancy_
formation_temperature_dep_contrib_2020-04-13.png  used on input line 463.
(pdftex.def)             Requested size: 323.9978pt x 235.55666pt.

[20]
</home/tigany/Documents/docs/Management/Images/final_octahedral_ox_ovito.png, i
d=169, 397.485pt x 341.275pt>
File: /home/tigany/Documents/docs/Management/Images/final_octahedral_ox_ovito.p
ng Graphic file (type png)
<use /home/tigany/Documents/docs/Management/Images/final_octahedral_ox_ovito.pn
g>
Package pdftex.def Info: /home/tigany/Documents/docs/Management/Images/final_oc
tahedral_ox_ovito.png  used on input line 475.
(pdftex.def)             Requested size: 323.9978pt x 278.18613pt.
 [21 </home/tigany/Documents/docs/Management/Images/vacancy_formation_temperatu
re_dep_contrib_2020-04-13.png (PNG copy)>]
</home/tigany/Documents/docs/Management/Images/final_model_initial_tetra_ox_ovi
to.png, id=175, 402.50375pt x 507.8975pt>
File: /home/tigany/Documents/docs/Management/Images/final_model_initial_tetra_o
x_ovito.png Graphic file (type png)
<use /home/tigany/Documents/docs/Management/Images/final_model_initial_tetra_ox
_ovito.png>
Package pdftex.def Info: /home/tigany/Documents/docs/Management/Images/final_mo
del_initial_tetra_ox_ovito.png  used on input line 479.
(pdftex.def)             Requested size: 323.9978pt x 408.83727pt.
 [22 </home/tigany/Documents/docs/Management/Images/final_octahedral_ox_ovito.p
ng>] [23 </home/tigany/Documents/docs/Management/Images/final_model_initial_tet
ra_ox_ovito.png>]
</home/tigany/Documents/docs/Management/Images/defect_clusters_O12V_contributio
n.png, id=186, 993.7125pt x 782.925pt>
File: /home/tigany/Documents/docs/Management/Images/defect_clusters_O12V_contri
bution.png Graphic file (type png)
<use /home/tigany/Documents/docs/Management/Images/defect_clusters_O12V_contrib
ution.png>
Package pdftex.def Info: /home/tigany/Documents/docs/Management/Images/defect_c
lusters_O12V_contribution.png  used on input line 540.
(pdftex.def)             Requested size: 323.9978pt x 255.27191pt.
 [24] [25 </home/tigany/Documents/docs/Management/Images/defect_clusters_O12V_c
ontribution.png>]
Overfull \hbox (1.85623pt too wide) in paragraph at lines 612--614
[]\T1/cmr/m/n/10.95 Extension: ap-ply the quasi-har-monic ap-prox-i-ma-tion/do 
ther-mo-dy-namic
 []

</home/tigany/Documents/docs/Management/Images/forst_defect_concentration_cemen
tite.png, id=202, 472.76625pt x 338.01282pt>
File: /home/tigany/Documents/docs/Management/Images/forst_defect_concentration_
cementite.png Graphic file (type png)
<use /home/tigany/Documents/docs/Management/Images/forst_defect_concentration_c
ementite.png>
Package pdftex.def Info: /home/tigany/Documents/docs/Management/Images/forst_de
fect_concentration_cementite.png  used on input line 624.
(pdftex.def)             Requested size: 323.9978pt x 231.65083pt.
[26]
</home/tigany/Documents/docs/Management/Images/forst_defect_concentration_vacan
cies.png, id=210, 481.8pt x 331.99031pt>
File: /home/tigany/Documents/docs/Management/Images/forst_defect_concentration_
vacancies.png Graphic file (type png)
<use /home/tigany/Documents/docs/Management/Images/forst_defect_concentration_v
acancies.png>
Package pdftex.def Info: /home/tigany/Documents/docs/Management/Images/forst_de
fect_concentration_vacancies.png  used on input line 629.
(pdftex.def)             Requested size: 323.9978pt x 223.25806pt.
 [27 </home/tigany/Documents/docs/Management/Images/forst_defect_concentration_
cementite.png (PNG copy)> </home/tigany/Documents/docs/Management/Images/forst_
defect_concentration_vacancies.png (PNG copy)>]
</home/tigany/Documents/docs/Management/Images/ti3al_val_o.png, id=217, 602.25p
t x 451.6875pt>
File: /home/tigany/Documents/docs/Management/Images/ti3al_val_o.png Graphic fil
e (type png)
<use /home/tigany/Documents/docs/Management/Images/ti3al_val_o.png>
Package pdftex.def Info: /home/tigany/Documents/docs/Management/Images/ti3al_va
l_o.png  used on input line 648.
(pdftex.def)             Requested size: 323.9978pt x 243.00473pt.
 [28 </home/tigany/Documents/docs/Management/Images/ti3al_val_o.png>]
! Interruption.
\@outputpage ...width {\@thefoot }\color@endbox }}
                                                  \global \let \if@newlist \...
l.670 \item R
             odney, Ventelon (2016), \emph{Ab initio modelling of dislocatio...

? 
! Emergency stop.
\@outputpage ...width {\@thefoot }\color@endbox }}
                                                  \global \let \if@newlist \...
l.670 \item R
             odney, Ventelon (2016), \emph{Ab initio modelling of dislocatio...
End of file on the terminal!

 
Here is how much of TeX's memory you used:
 7212 strings out of 479383
 115194 string characters out of 5875830
 406540 words of memory out of 5000000
 24060 multiletter control sequences out of 15000+600000
 422881 words of font info for 77 fonts, out of 8000000 for 9000
 1141 hyphenation exceptions out of 8191
 66i,11n,72p,344b,395s stack positions out of 5000i,500n,10000p,200000b,80000s
!  ==> Fatal error occurred, no output PDF file produced!
